<?xml version="1.0" encoding="UTF-8"?>
<!-- Generated by org.testng.reporters.JUnitXMLReporter -->
<testsuite ignored="0" hostname="Naveen" failures="0" tests="4" name="Test" time="42.696" errors="0" timestamp="19 Dec 2023 14:20:08 GMT">
  <testcase classname="Data_Driven.DataDrivenPrac" name="checkingLogin" time="14.405"/>
  <testcase classname="Data_Driven.DataDrivenPrac" name="checkingLogin" time="10.163"/>
  <testcase classname="Data_Driven.DataDrivenPrac" name="checkingLogin" time="8.598"/>
  <testcase classname="Data_Driven.DataDrivenPrac" name="checkingLogin" time="8.737"/>
</testsuite> <!-- Test -->
