<?xml version="1.0" encoding="UTF-8"?>
<testng-results ignored="0" total="4" passed="4" failed="0" skipped="0">
  <reporter-output>
  </reporter-output>
  <suite started-at="2023-12-19T14:19:25Z" name="Suite" finished-at="2023-12-19T14:20:08Z" duration-ms="42696">
    <groups>
    </groups>
    <test started-at="2023-12-19T14:19:25Z" name="Test" finished-at="2023-12-19T14:20:08Z" duration-ms="42696">
      <class name="Data_Driven.DataDrivenPrac">
        <test-method is-config="true" signature="extendReportreading()[pri:0, instance:Data_Driven.DataDrivenPrac@6b695b06]" started-at="2023-12-19T14:19:25Z" name="extendReportreading" finished-at="2023-12-19T14:19:25Z" duration-ms="260" status="PASS">
          <reporter-output>
          </reporter-output>
        </test-method> <!-- extendReportreading -->
        <test-method signature="checkingLogin([Ljava.lang.String;)[pri:0, instance:Data_Driven.DataDrivenPrac@6b695b06]" started-at="2023-12-19T14:19:26Z" name="checkingLogin" data-provider="login" finished-at="2023-12-19T14:19:40Z" duration-ms="14405" status="PASS">
          <params>
            <param index="0">
              <value>
                <![CDATA[[Ljava.lang.String;@6518fdfd]]>
              </value>
            </param>
          </params>
          <reporter-output>
          </reporter-output>
        </test-method> <!-- checkingLogin -->
        <test-method signature="checkingLogin([Ljava.lang.String;)[pri:0, instance:Data_Driven.DataDrivenPrac@6b695b06]" started-at="2023-12-19T14:19:40Z" name="checkingLogin" data-provider="login" finished-at="2023-12-19T14:19:50Z" duration-ms="10163" status="PASS">
          <params>
            <param index="0">
              <value>
                <![CDATA[[Ljava.lang.String;@11d2dd2d]]>
              </value>
            </param>
          </params>
          <reporter-output>
          </reporter-output>
        </test-method> <!-- checkingLogin -->
        <test-method signature="checkingLogin([Ljava.lang.String;)[pri:0, instance:Data_Driven.DataDrivenPrac@6b695b06]" started-at="2023-12-19T14:19:50Z" name="checkingLogin" data-provider="login" finished-at="2023-12-19T14:19:59Z" duration-ms="8598" status="PASS">
          <params>
            <param index="0">
              <value>
                <![CDATA[[Ljava.lang.String;@cde8c6c]]>
              </value>
            </param>
          </params>
          <reporter-output>
          </reporter-output>
        </test-method> <!-- checkingLogin -->
        <test-method signature="checkingLogin([Ljava.lang.String;)[pri:0, instance:Data_Driven.DataDrivenPrac@6b695b06]" started-at="2023-12-19T14:19:59Z" name="checkingLogin" data-provider="login" finished-at="2023-12-19T14:20:07Z" duration-ms="8737" status="PASS">
          <params>
            <param index="0">
              <value>
                <![CDATA[[Ljava.lang.String;@174721c4]]>
              </value>
            </param>
          </params>
          <reporter-output>
          </reporter-output>
        </test-method> <!-- checkingLogin -->
      </class> <!-- Data_Driven.DataDrivenPrac -->
    </test> <!-- Test -->
  </suite> <!-- Suite -->
</testng-results>
