<?xml version="1.0" encoding="UTF-8"?>
<!-- Generated by org.testng.reporters.JUnitXMLReporter -->
<testsuite ignored="0" hostname="Naveen" failures="0" tests="4" name="Default test" time="83.635" errors="0" timestamp="19 Dec 2023 14:04:05 GMT">
  <testcase classname="Data_Driven.DataDrivenPrac" name="checkingLogin" time="54.631"/>
  <testcase classname="Data_Driven.DataDrivenPrac" name="checkingLogin" time="8.197"/>
  <testcase classname="Data_Driven.DataDrivenPrac" name="checkingLogin" time="9.565"/>
  <testcase classname="Data_Driven.DataDrivenPrac" name="checkingLogin" time="10.403"/>
</testsuite> <!-- Default test -->
